Array
(
    [user_id] => 22990
    [bom_plate_part_id] => 100269319
    [part_number] => 52DG0288
    [quantity] => 1
)
Array
(
    [user_id] => 22990
    [bom_plate_part_id] => 100249867
    [part_number] => PF551432
    [quantity] => 1
)
Array
(
    [user_id] => 22990
    [bom_plate_part_id] => 100249867
    [part_number] => PF551432
    [quantity] => 2
)
Array
(
    [user_id] => 22990
    [bom_plate_part_id] => 100251527
    [part_number] => 52JA0028
    [quantity] => 1
)
Array
(
    [user_id] => 22988
    [bom_plate_part_id] => 100059941
    [part_number] => DD101480
    [quantity] => 1
)
Array
(
    [user_id] => 22988
    [bom_plate_part_id] => 100059941
    [part_number] => DD101480
    [quantity] => 2
)
Array
(
    [user_id] => 22988
    [bom_plate_part_id] => 100059941
    [part_number] => DD101480
    [quantity] => 1
)
Array
(
    [user_id] => 22988
    [bom_plate_part_id] => 100059941
    [part_number] => DD101480
    [quantity] => 0
)
Array
(
    [user_id] => 22988
    [bom_plate_part_id] => 100059941
    [part_number] => DD101480
    [quantity] => 1
)
Array
(
    [user_id] => 22988
    [bom_plate_part_id] => 100059941
    [part_number] => DD101480
    [quantity] => 2
)
Array
(
    [user_id] => 22988
    [bom_plate_part_id] => 100059941
    [part_number] => DD101480
    [quantity] => 1
)
Array
(
    [user_id] => 22988
    [bom_plate_part_id] => 100059941
    [part_number] => DD101480
    [quantity] => 0
)
Array
(
    [user_id] => 22991
    [bom_plate_part_id] => 100223739
    [part_number] => JK181246
    [quantity] => 1
)
Array
(
    [user_id] => 22993
    [bom_plate_part_id] => 100232709
    [part_number] => DF161415
    [quantity] => 1
)
Array
(
    [user_id] => 22992
    [bom_plate_part_id] => 100051563
    [part_number] => JB551000
    [quantity] => 1
)
Array
(
    [user_id] => 22992
    [bom_plate_part_id] => 100051563
    [part_number] => JB551000
    [quantity] => 0
)
Array
(
    [user_id] => 22992
    [bom_plate_part_id] => 100229428
    [part_number] => PF581089
    [quantity] => 1
)
Array
(
    [user_id] => 22995
    [bom_plate_part_id] => 54828
    [part_number] => DT171823
    [quantity] => 1
)
Array
(
    [user_id] => 22995
    [bom_plate_part_id] => 54770
    [part_number] => YDT02002
    [quantity] => 1
)
Array
(
    [user_id] => 22995
    [bom_plate_part_id] => 54771
    [part_number] => DT401012
    [quantity] => 1
)
Array
(
    [user_id] => 22995
    [bom_plate_part_id] => 55450
    [part_number] => DT401008
    [quantity] => 1
)
Array
(
    [user_id] => 22995
    [bom_plate_part_id] => 55447
    [part_number] => DT401011
    [quantity] => 1
)
Array
(
    [user_id] => 22995
    [bom_plate_part_id] => 54769
    [part_number] => YDT02001
    [quantity] => 1
)
Array
(
    [user_id] => 22995
    [bom_plate_part_id] => 54768
    [part_number] => YDT02003
    [quantity] => 1
)
Array
(
    [user_id] => 22996
    [bom_plate_part_id] => 100225259
    [part_number] => PF161020
    [quantity] => 1
)
Array
(
    [user_id] => 22996
    [bom_plate_part_id] => 100225259
    [part_number] => PF161020
    [quantity] => 0
)
