Array
(
    [user_id] => 18717
    [bom_plate_part_id] => 100078293
    [part_number] => 39218106
    [quantity] => 1
)
Array
(
    [user_id] => 18717
    [bom_plate_part_id] => 100080543
    [part_number] => DH101665
    [quantity] => 1
)
Array
(
    [user_id] => 18717
    [bom_plate_part_id] => 100080082
    [part_number] => DH101671
    [quantity] => 1
)
Array
(
    [user_id] => 18717
    [bom_plate_part_id] => 100078293
    [part_number] => 39218106
    [quantity] => 2
)
Array
(
    [user_id] => 18717
    [bom_plate_part_id] => 62152
    [part_number] => DH102103
    [quantity] => 1
)
Array
(
    [user_id] => 18717
    [bom_plate_part_id] => 61086
    [part_number] => 52JN0136
    [quantity] => 1
)
Array
(
    [user_id] => 18717
    [bom_plate_part_id] => 61474
    [part_number] => 36DS1001
    [quantity] => 1
)
Array
(
    [user_id] => 18717
    [bom_plate_part_id] => 61239
    [part_number] => DS101166
    [quantity] => 1
)
Array
(
    [user_id] => 18717
    [bom_plate_part_id] => 62249
    [part_number] => DH102201
    [quantity] => 1
)
Array
(
    [user_id] => 18717
    [bom_plate_part_id] => 62152
    [part_number] => DH102103
    [quantity] => 1
)
Array
(
    [user_id] => 18717
    [bom_plate_part_id] => 61086
    [part_number] => 52JN0136
    [quantity] => 1
)
Array
(
    [user_id] => 18717
    [bom_plate_part_id] => 61839
    [part_number] => 39107504
    [quantity] => 1
)
Array
(
    [user_id] => 18717
    [bom_plate_part_id] => 61086
    [part_number] => 52JN0136
    [quantity] => 1
)
Array
(
    [user_id] => 18717
    [bom_plate_part_id] => 61474
    [part_number] => 36DS1001
    [quantity] => 1
)
Array
(
    [user_id] => 18383
    [bom_plate_part_id] => 62152
    [part_number] => DH102103
    [quantity] => 1
)
Array
(
    [user_id] => 18383
    [bom_plate_part_id] => 62152
    [part_number] => DH102103
    [quantity] => 2
)
Array
(
    [user_id] => 18383
    [bom_plate_part_id] => 61086
    [part_number] => 52JN0136
    [quantity] => 1
)
Array
(
    [user_id] => 18383
    [bom_plate_part_id] => 61086
    [part_number] => 52JN0136
    [quantity] => 0
)
Array
(
    [user_id] => 18383
    [bom_plate_part_id] => 35975
    [part_number] => JA511008
    [quantity] => 1
)
Array
(
    [user_id] => 18383
    [bom_plate_part_id] => 35975
    [part_number] => JA511008
    [quantity] => 2
)
Array
(
    [user_id] => 18717
    [bom_plate_part_id] => 100079591
    [part_number] => DH101414
    [quantity] => 1
)
Array
(
    [user_id] => 18717
    [bom_plate_part_id] => 100079591
    [part_number] => DH101414
    [quantity] => 2
)
Array
(
    [user_id] => 18717
    [bom_plate_part_id] => 100077966
    [part_number] => DK101592
    [quantity] => 1
)
Array
(
    [user_id] => 18717
    [bom_plate_part_id] => 100077966
    [part_number] => DK101592
    [quantity] => 0
)
Array
(
    [user_id] => 18717
    [bom_plate_part_id] => 100078293
    [part_number] => 39218106
    [quantity] => 1
)
Array
(
    [user_id] => 18717
    [bom_plate_part_id] => 100080543
    [part_number] => DH101665
    [quantity] => 1
)
Array
(
    [user_id] => 18717
    [bom_plate_part_id] => 100080543
    [part_number] => DH101665
    [quantity] => 0
)
Array
(
    [user_id] => 18717
    [bom_plate_part_id] => 100078293
    [part_number] => 39218106
    [quantity] => 1
)
Array
(
    [user_id] => 18717
    [bom_plate_part_id] => 62152
    [part_number] => DH102103
    [quantity] => 1
)
