Array
(
    [user_id] => 18383
    [bom_plate_part_id] => 100078293
    [part_number] => 39218106
    [quantity] => 1
)
Array
(
    [user_id] => 18383
    [bom_plate_part_id] => 100078293
    [part_number] => 39218106
    [quantity] => 2
)
Array
(
    [user_id] => 18383
    [bom_plate_part_id] => 100078293
    [part_number] => 39218106
    [quantity] => 3
)
Array
(
    [user_id] => 18722
    [bom_plate_part_id] => 100080543
    [part_number] => DH101665
    [quantity] => 1
)
Array
(
    [user_id] => 18722
    [bom_plate_part_id] => 100080082
    [part_number] => DH101671
    [quantity] => 1
)
Array
(
    [user_id] => 18722
    [bom_plate_part_id] => 100079591
    [part_number] => DH101414
    [quantity] => 1
)
Array
(
    [user_id] => 18722
    [bom_plate_part_id] => 100080082
    [part_number] => DH101671
    [quantity] => 0
)
Array
(
    [user_id] => 18722
    [bom_plate_part_id] => 100078293
    [part_number] => 39218106
    [quantity] => 1
)
Array
(
    [user_id] => 18718
    [bom_plate_part_id] => 100078293
    [part_number] => 39218106
    [quantity] => 1
)
Array
(
    [user_id] => 18722
    [bom_plate_part_id] => 100078293
    [part_number] => 39218106
    [quantity] => 1
)
Array
(
    [user_id] => 18722
    [bom_plate_part_id] => 100078293
    [part_number] => 39218106
    [quantity] => 1
)
Array
(
    [user_id] => 18722
    [bom_plate_part_id] => 100078293
    [part_number] => 39218106
    [quantity] => 2
)
Array
(
    [user_id] => 18724
    [bom_plate_part_id] => 100078293
    [part_number] => 39218106
    [quantity] => 1
)
Array
(
    [user_id] => 18724
    [bom_plate_part_id] => 100078293
    [part_number] => 39218106
    [quantity] => 2
)
Array
(
    [user_id] => 18724
    [bom_plate_part_id] => 100078293
    [part_number] => 39218106
    [quantity] => 1
)
Array
(
    [user_id] => 18724
    [bom_plate_part_id] => 100078293
    [part_number] => 39218106
    [quantity] => 1
)
Array
(
    [user_id] => 18725
    [bom_plate_part_id] => 100078293
    [part_number] => 39218106
    [quantity] => 1
)
Array
(
    [user_id] => 18725
    [bom_plate_part_id] => 100078293
    [part_number] => 39218106
    [quantity] => 1
)
Array
(
    [user_id] => 18647
    [bom_plate_part_id] => 64489
    [part_number] => DK141015
    [quantity] => 1
)
Array
(
    [user_id] => 18647
    [bom_plate_part_id] => 64489
    [part_number] => DK141015
    [quantity] => 0
)
Array
(
    [user_id] => 18726
    [bom_plate_part_id] => 100078293
    [part_number] => 39218106
    [quantity] => 1
)
Array
(
    [user_id] => 18726
    [bom_plate_part_id] => 100078293
    [part_number] => 39218106
    [quantity] => 1
)
Array
(
    [user_id] => 18726
    [bom_plate_part_id] => 100080632
    [part_number] => DD121007
    [quantity] => 1
)
Array
(
    [user_id] => 18724
    [bom_plate_part_id] => 100078293
    [part_number] => 39218106
    [quantity] => 1
)
Array
(
    [user_id] => 18724
    [bom_plate_part_id] => 100080543
    [part_number] => DH101665
    [quantity] => 1
)
Array
(
    [user_id] => 18724
    [bom_plate_part_id] => 100078293
    [part_number] => 39218106
    [quantity] => 1
)
Array
(
    [user_id] => 18724
    [bom_plate_part_id] => 100080543
    [part_number] => DH101665
    [quantity] => 1
)
Array
(
    [user_id] => 18724
    [bom_plate_part_id] => 100078293
    [part_number] => 39218106
    [quantity] => 1
)
Array
(
    [user_id] => 18724
    [bom_plate_part_id] => 100080543
    [part_number] => DH101665
    [quantity] => 1
)
Array
(
    [user_id] => 18726
    [bom_plate_part_id] => 100078293
    [part_number] => 39218106
    [quantity] => 1
)
Array
(
    [user_id] => 18722
    [bom_plate_part_id] => 100078293
    [part_number] => 39218106
    [quantity] => 1
)
Array
(
    [user_id] => 18722
    [bom_plate_part_id] => 100078293
    [part_number] => 39218106
    [quantity] => 1
)
Array
(
    [user_id] => 18722
    [bom_plate_part_id] => 100080543
    [part_number] => DH101665
    [quantity] => 1
)
Array
(
    [user_id] => 18722
    [bom_plate_part_id] => 100078293
    [part_number] => 39218106
    [quantity] => 1
)
Array
(
    [user_id] => 18722
    [bom_plate_part_id] => 100080543
    [part_number] => DH101665
    [quantity] => 1
)
Array
(
    [user_id] => 18722
    [bom_plate_part_id] => 100078293
    [part_number] => 39218106
    [quantity] => 1
)
Array
(
    [user_id] => 18727
    [bom_plate_part_id] => 100078293
    [part_number] => 39218106
    [quantity] => 1
)
