Array
(
    [user_id] => 23129
    [bom_plate_part_id] => 100218274
    [part_number] => PD551400
    [quantity] => 1
)
Array
(
    [user_id] => 23130
    [bom_plate_part_id] => 100081091
    [part_number] => DK151026
    [quantity] => 1
)
Array
(
    [user_id] => 22949
    [bom_plate_part_id] => 100153805
    [part_number] => 39253204
    [quantity] => 1
)
Array
(
    [user_id] => 23108
    [bom_plate_part_id] => 100230393
    [part_number] => PF511209
    [quantity] => 1
)
Array
(
    [user_id] => 23108
    [bom_plate_part_id] => 100233013
    [part_number] => 39059417
    [quantity] => 1
)
Array
(
    [user_id] => 23108
    [bom_plate_part_id] => 100234080
    [part_number] => JA511216
    [quantity] => 1
)
Array
(
    [user_id] => 23108
    [bom_plate_part_id] => 100230364
    [part_number] => PF511203
    [quantity] => 1
)
Array
(
    [user_id] => 23108
    [bom_plate_part_id] => 100232539
    [part_number] => DH101048
    [quantity] => 1
)
Array
(
    [user_id] => 23108
    [bom_plate_part_id] => 100234182
    [part_number] => DS109905
    [quantity] => 1
)
Array
(
    [user_id] => 23108
    [bom_plate_part_id] => 100232600
    [part_number] => DH101392
    [quantity] => 1
)
Array
(
    [user_id] => 23108
    [bom_plate_part_id] => 100232720
    [part_number] => CS101128
    [quantity] => 1
)
Array
(
    [user_id] => 23108
    [bom_plate_part_id] => 100234009
    [part_number] => JE521016
    [quantity] => 1
)
Array
(
    [user_id] => 23108
    [bom_plate_part_id] => 100233287
    [part_number] => 39266921
    [quantity] => 1
)
Array
(
    [user_id] => 23108
    [bom_plate_part_id] => 100235614
    [part_number] => JV511013
    [quantity] => 1
)
Array
(
    [user_id] => 23108
    [bom_plate_part_id] => 100235611
    [part_number] => JV511012
    [quantity] => 1
)
Array
(
    [user_id] => 23108
    [bom_plate_part_id] => 100332720
    [part_number] => 52DU0829
    [quantity] => 1
)
Array
(
    [user_id] => 23108
    [bom_plate_part_id] => 100332720
    [part_number] => 52DU0829
    [quantity] => 0
)
Array
(
    [user_id] => 23132
    [bom_plate_part_id] => 100083076
    [part_number] => DF181098
    [quantity] => 1
)
Array
(
    [user_id] => 23132
    [bom_plate_part_id] => 100083076
    [part_number] => DF181098
    [quantity] => 0
)
Array
(
    [user_id] => 23135
    [bom_plate_part_id] => 100262143
    [part_number] => DP181040
    [quantity] => 1
)
Array
(
    [user_id] => 23135
    [bom_plate_part_id] => 100262143
    [part_number] => DP181040
    [quantity] => 0
)
Array
(
    [user_id] => 23135
    [bom_plate_part_id] => 100262143
    [part_number] => DP181040
    [quantity] => 1
)
Array
(
    [user_id] => 23135
    [bom_plate_part_id] => 100262144
    [part_number] => DP181041
    [quantity] => 1
)
Array
(
    [user_id] => 23135
    [bom_plate_part_id] => 100262090
    [part_number] => KDBA0512
    [quantity] => 1
)
Array
(
    [user_id] => 23135
    [bom_plate_part_id] => 100262075
    [part_number] => KBUA0512
    [quantity] => 1
)
Array
(
    [user_id] => 23135
    [bom_plate_part_id] => 100262089
    [part_number] => KDAE0408
    [quantity] => 1
)
Array
(
    [user_id] => 23135
    [bom_plate_part_id] => 100262074
    [part_number] => KBRA4213
    [quantity] => 1
)
Array
(
    [user_id] => 23135
    [bom_plate_part_id] => 100261727
    [part_number] => DK161447
    [quantity] => 1
)
Array
(
    [user_id] => 23135
    [bom_plate_part_id] => 100261724
    [part_number] => DK161444
    [quantity] => 1
)
Array
(
    [user_id] => 23135
    [bom_plate_part_id] => 100261723
    [part_number] => DK161443
    [quantity] => 1
)
Array
(
    [user_id] => 23135
    [bom_plate_part_id] => 100262596
    [part_number] => 39249211
    [quantity] => 1
)
Array
(
    [user_id] => 23135
    [bom_plate_part_id] => 100261832
    [part_number] => DK101610
    [quantity] => 1
)
Array
(
    [user_id] => 23135
    [bom_plate_part_id] => 100262366
    [part_number] => DG161124
    [quantity] => 1
)
Array
(
    [user_id] => 23135
    [bom_plate_part_id] => 100262428
    [part_number] => DD161071
    [quantity] => 1
)
Array
(
    [user_id] => 23135
    [bom_plate_part_id] => 100262504
    [part_number] => 39020111
    [quantity] => 1
)
Array
(
    [user_id] => 23135
    [bom_plate_part_id] => 100262715
    [part_number] => DK101314
    [quantity] => 1
)
Array
(
    [user_id] => 23135
    [bom_plate_part_id] => 100261848
    [part_number] => DK101698
    [quantity] => 1
)
Array
(
    [user_id] => 23135
    [bom_plate_part_id] => 100262711
    [part_number] => DK101305
    [quantity] => 1
)
Array
(
    [user_id] => 23135
    [bom_plate_part_id] => 100262105
    [part_number] => LAE00052
    [quantity] => 1
)
Array
(
    [user_id] => 23135
    [bom_plate_part_id] => 100261898
    [part_number] => DK101851
    [quantity] => 1
)
Array
(
    [user_id] => 23135
    [bom_plate_part_id] => 100262874
    [part_number] => DJ101064
    [quantity] => 1
)
Array
(
    [user_id] => 23135
    [bom_plate_part_id] => 100262772
    [part_number] => DH101607
    [quantity] => 1
)
Array
(
    [user_id] => 23135
    [bom_plate_part_id] => 100261908
    [part_number] => DK101895
    [quantity] => 1
)
Array
(
    [user_id] => 23137
    [bom_plate_part_id] => 100334767
    [part_number] => KADT0616
    [quantity] => 1
)
Array
(
    [user_id] => 23137
    [bom_plate_part_id] => 100334767
    [part_number] => KADT0616
    [quantity] => 2
)
Array
(
    [user_id] => 23137
    [bom_plate_part_id] => 100334767
    [part_number] => KADT0616
    [quantity] => 1
)
Array
(
    [user_id] => 23137
    [bom_plate_part_id] => 100334767
    [part_number] => KADT0616
    [quantity] => 0
)
