Array
(
    [user_id] => 18717
    [bom_plate_part_id] => 100078293
    [part_number] => 39218106
    [quantity] => 1
)
Array
(
    [user_id] => 18717
    [bom_plate_part_id] => 100080082
    [part_number] => DH101671
    [quantity] => 1
)
Array
(
    [user_id] => 22601
    [bom_plate_part_id] => 100080632
    [part_number] => DD121007
    [quantity] => 1
)
Array
(
    [user_id] => 22601
    [bom_plate_part_id] => 100078867
    [part_number] => 31121006
    [quantity] => 1
)
Array
(
    [user_id] => 22601
    [bom_plate_part_id] => 100077966
    [part_number] => DK101592
    [quantity] => 1
)
Array
(
    [user_id] => 22601
    [bom_plate_part_id] => 100077966
    [part_number] => DK101592
    [quantity] => 0
)
Array
(
    [user_id] => 18717
    [bom_plate_part_id] => 100078293
    [part_number] => 39218106
    [quantity] => 1
)
Array
(
    [user_id] => 18717
    [bom_plate_part_id] => 100078293
    [part_number] => 39218106
    [quantity] => 1
)
Array
(
    [user_id] => 18717
    [bom_plate_part_id] => 100078293
    [part_number] => 39218106
    [quantity] => 1
)
Array
(
    [user_id] => 18717
    [bom_plate_part_id] => 61922
    [part_number] => 39253204
    [quantity] => 1
)
Array
(
    [user_id] => 18717
    [bom_plate_part_id] => 61241
    [part_number] => DS101084
    [quantity] => 1
)
Array
(
    [user_id] => 18717
    [bom_plate_part_id] => 100077966
    [part_number] => DK101592
    [quantity] => 1
)
Array
(
    [user_id] => 18717
    [bom_plate_part_id] => 100078867
    [part_number] => 31121006
    [quantity] => 1
)
Array
(
    [user_id] => 22601
    [bom_plate_part_id] => 100080632
    [part_number] => DD121007
    [quantity] => 1
)
Array
(
    [user_id] => 22601
    [bom_plate_part_id] => 100078867
    [part_number] => 31121006
    [quantity] => 1
)
Array
(
    [user_id] => 22601
    [bom_plate_part_id] => 100077966
    [part_number] => DK101592
    [quantity] => 1
)
Array
(
    [user_id] => 22601
    [bom_plate_part_id] => 100078867
    [part_number] => 31121006
    [quantity] => 2
)
Array
(
    [user_id] => 22601
    [bom_plate_part_id] => 100080632
    [part_number] => DD121007
    [quantity] => 2
)
Array
(
    [user_id] => 22601
    [bom_plate_part_id] => 100078293
    [part_number] => 39218106
    [quantity] => 1
)
Array
(
    [user_id] => 22601
    [bom_plate_part_id] => 100080543
    [part_number] => DH101665
    [quantity] => 1
)
Array
(
    [user_id] => 22601
    [bom_plate_part_id] => 100080082
    [part_number] => DH101671
    [quantity] => 1
)
Array
(
    [user_id] => 22601
    [bom_plate_part_id] => 100078867
    [part_number] => 31121006
    [quantity] => 1
)
Array
(
    [user_id] => 22601
    [bom_plate_part_id] => 100077966
    [part_number] => DK101592
    [quantity] => 1
)
Array
(
    [user_id] => 22601
    [bom_plate_part_id] => 100079591
    [part_number] => DH101414
    [quantity] => 1
)
Array
(
    [user_id] => 22601
    [bom_plate_part_id] => 100079591
    [part_number] => DH101414
    [quantity] => 2
)
Array
(
    [user_id] => 22601
    [bom_plate_part_id] => 100080090
    [part_number] => DH101672
    [quantity] => 1
)
Array
(
    [user_id] => 22601
    [bom_plate_part_id] => 100080090
    [part_number] => DH101672
    [quantity] => 2
)
Array
(
    [user_id] => 22601
    [bom_plate_part_id] => 100078298
    [part_number] => 39218304
    [quantity] => 1
)
