Array
(
    [user_id] => 22601
    [bom_plate_part_id] => 100078007
    [part_number] => JC101001
    [quantity] => 1
)
Array
(
    [user_id] => 22601
    [bom_plate_part_id] => 100079898
    [part_number] => 39218304
    [quantity] => 1
)
Array
(
    [user_id] => 22601
    [bom_plate_part_id] => 100079875
    [part_number] => 39216511
    [quantity] => 1
)
Array
(
    [user_id] => 22601
    [bom_plate_part_id] => 100079898
    [part_number] => 39218304
    [quantity] => 2
)
Array
(
    [user_id] => 22601
    [bom_plate_part_id] => 100078007
    [part_number] => JC101001
    [quantity] => 2
)
Array
(
    [user_id] => 22601
    [bom_plate_part_id] => 100078867
    [part_number] => 31121006
    [quantity] => 1
)
Array
(
    [user_id] => 22601
    [bom_plate_part_id] => 100077966
    [part_number] => DK101592
    [quantity] => 1
)
Array
(
    [user_id] => 22601
    [bom_plate_part_id] => 100079591
    [part_number] => DH101414
    [quantity] => 1
)
Array
(
    [user_id] => 22601
    [bom_plate_part_id] => 100077966
    [part_number] => DK101592
    [quantity] => 2
)
Array
(
    [user_id] => 22601
    [bom_plate_part_id] => 100078867
    [part_number] => 31121006
    [quantity] => 2
)
Array
(
    [user_id] => 22601
    [bom_plate_part_id] => 100079591
    [part_number] => DH101414
    [quantity] => 2
)
Array
(
    [user_id] => 22601
    [bom_plate_part_id] => 100078020
    [part_number] => DK101471
    [quantity] => 1
)
Array
(
    [user_id] => 22601
    [bom_plate_part_id] => 100078270
    [part_number] => 39215811
    [quantity] => 1
)
Array
(
    [user_id] => 22601
    [bom_plate_part_id] => 100078020
    [part_number] => DK101471
    [quantity] => 2
)
Array
(
    [user_id] => 22601
    [bom_plate_part_id] => 100081438
    [part_number] => DH101078
    [quantity] => 1
)
Array
(
    [user_id] => 22601
    [bom_plate_part_id] => 100081446
    [part_number] => DH101079
    [quantity] => 1
)
Array
(
    [user_id] => 22601
    [bom_plate_part_id] => 45030
    [part_number] => 39261720
    [quantity] => 1
)
Array
(
    [user_id] => 22601
    [bom_plate_part_id] => 45030
    [part_number] => 39261720
    [quantity] => 2
)
Array
(
    [user_id] => 18717
    [bom_plate_part_id] => 100080543
    [part_number] => DH101665
    [quantity] => 1
)
Array
(
    [user_id] => 18717
    [bom_plate_part_id] => 100080082
    [part_number] => DH101671
    [quantity] => 1
)
Array
(
    [user_id] => 18717
    [bom_plate_part_id] => 44680
    [part_number] => PD511025
    [quantity] => 1
)
Array
(
    [user_id] => 18717
    [bom_plate_part_id] => 44680
    [part_number] => PD511025
    [quantity] => 1
)
Array
(
    [user_id] => 18717
    [bom_plate_part_id] => 45054
    [part_number] => 36DS1001
    [quantity] => 1
)
Array
(
    [user_id] => 18717
    [bom_plate_part_id] => 45054
    [part_number] => 36DS1001
    [quantity] => 1
)
Array
(
    [user_id] => 18717
    [bom_plate_part_id] => 45443
    [part_number] => DS101166
    [quantity] => 1
)
Array
(
    [user_id] => 18717
    [bom_plate_part_id] => 45445
    [part_number] => DS101096
    [quantity] => 1
)
Array
(
    [user_id] => 18717
    [bom_plate_part_id] => 44680
    [part_number] => PD511025
    [quantity] => 0
)
Array
(
    [user_id] => 18717
    [bom_plate_part_id] => 44680
    [part_number] => PD511025
    [quantity] => 1
)
Array
(
    [user_id] => 18717
    [bom_plate_part_id] => 44680
    [part_number] => PD511025
    [quantity] => 0
)
Array
(
    [user_id] => 18717
    [bom_plate_part_id] => 44680
    [part_number] => PD511025
    [quantity] => 1
)
Array
(
    [user_id] => 18717
    [bom_plate_part_id] => 45443
    [part_number] => DS101166
    [quantity] => 0
)
Array
(
    [user_id] => 18717
    [bom_plate_part_id] => 45054
    [part_number] => 36DS1001
    [quantity] => 0
)
Array
(
    [user_id] => 18717
    [bom_plate_part_id] => 45054
    [part_number] => 36DS1001
    [quantity] => 0
)
Array
(
    [user_id] => 18717
    [bom_plate_part_id] => 44680
    [part_number] => PD511025
    [quantity] => 0
)
Array
(
    [user_id] => 18717
    [bom_plate_part_id] => 44680
    [part_number] => PD511025
    [quantity] => 1
)
Array
(
    [user_id] => 18717
    [bom_plate_part_id] => 45054
    [part_number] => 36DS1001
    [quantity] => 1
)
Array
(
    [user_id] => 18717
    [bom_plate_part_id] => 45054
    [part_number] => 36DS1001
    [quantity] => 0
)
Array
(
    [user_id] => 18717
    [bom_plate_part_id] => 44680
    [part_number] => PD511025
    [quantity] => 0
)
Array
(
    [user_id] => 18717
    [bom_plate_part_id] => 44680
    [part_number] => PD511025
    [quantity] => 0
)
Array
(
    [user_id] => 18717
    [bom_plate_part_id] => 45445
    [part_number] => DS101096
    [quantity] => 0
)
Array
(
    [user_id] => 18717
    [bom_plate_part_id] => 44680
    [part_number] => PD511025
    [quantity] => 0
)
Array
(
    [user_id] => 18717
    [bom_plate_part_id] => 44680
    [part_number] => PD511025
    [quantity] => 1
)
Array
(
    [user_id] => 18717
    [bom_plate_part_id] => 44680
    [part_number] => PD511025
    [quantity] => 1
)
Array
(
    [user_id] => 18717
    [bom_plate_part_id] => 44680
    [part_number] => PD511025
    [quantity] => 0
)
Array
(
    [user_id] => 18717
    [bom_plate_part_id] => 44680
    [part_number] => PD511025
    [quantity] => 1
)
Array
(
    [user_id] => 18717
    [bom_plate_part_id] => 44680
    [part_number] => PD511025
    [quantity] => 0
)
Array
(
    [user_id] => 18717
    [bom_plate_part_id] => 44680
    [part_number] => PD511025
    [quantity] => 0
)
Array
(
    [user_id] => 18717
    [bom_plate_part_id] => 44680
    [part_number] => PD511025
    [quantity] => 1
)
Array
(
    [user_id] => 18717
    [bom_plate_part_id] => 44680
    [part_number] => PD511025
    [quantity] => 0
)
Array
(
    [user_id] => 18717
    [bom_plate_part_id] => 45054
    [part_number] => 36DS1001
    [quantity] => 1
)
Array
(
    [user_id] => 18717
    [bom_plate_part_id] => 45054
    [part_number] => 36DS1001
    [quantity] => 1
)
Array
(
    [user_id] => 18717
    [bom_plate_part_id] => 45443
    [part_number] => DS101166
    [quantity] => 1
)
Array
(
    [user_id] => 18717
    [bom_plate_part_id] => 45445
    [part_number] => DS101096
    [quantity] => 1
)
Array
(
    [user_id] => 18717
    [bom_plate_part_id] => 45129
    [part_number] => 39264715
    [quantity] => 1
)
Array
(
    [user_id] => 18717
    [bom_plate_part_id] => 62152
    [part_number] => DH102103
    [quantity] => 1
)
Array
(
    [user_id] => 18717
    [bom_plate_part_id] => 61086
    [part_number] => 52JN0136
    [quantity] => 1
)
Array
(
    [user_id] => 18717
    [bom_plate_part_id] => 61474
    [part_number] => 36DS1001
    [quantity] => 1
)
Array
(
    [user_id] => 18717
    [bom_plate_part_id] => 61239
    [part_number] => DS101166
    [quantity] => 1
)
Array
(
    [user_id] => 18717
    [bom_plate_part_id] => 62249
    [part_number] => DH102201
    [quantity] => 1
)
Array
(
    [user_id] => 18717
    [bom_plate_part_id] => 62152
    [part_number] => DH102103
    [quantity] => 0
)
Array
(
    [user_id] => 18717
    [bom_plate_part_id] => 61086
    [part_number] => 52JN0136
    [quantity] => 0
)
Array
(
    [user_id] => 18717
    [bom_plate_part_id] => 61474
    [part_number] => 36DS1001
    [quantity] => 0
)
Array
(
    [user_id] => 18717
    [bom_plate_part_id] => 61239
    [part_number] => DS101166
    [quantity] => 0
)
Array
(
    [user_id] => 18717
    [bom_plate_part_id] => 62249
    [part_number] => DH102201
    [quantity] => 0
)
Array
(
    [user_id] => 22601
    [bom_plate_part_id] => 100080090
    [part_number] => DH101672
    [quantity] => 1
)
Array
(
    [user_id] => 22601
    [bom_plate_part_id] => 100078298
    [part_number] => 39218304
    [quantity] => 1
)
Array
(
    [user_id] => 18520
    [bom_plate_part_id] => 100205050
    [part_number] => 52JN0136
    [quantity] => 1
)
