Array
(
    [user_id] => 23512
    [bom_plate_part_id] => 100336736
    [part_number] => JE531001
    [quantity] => 1
)
Array
(
    [user_id] => 23512
    [bom_plate_part_id] => 100336736
    [part_number] => JE531001
    [quantity] => 0
)
Array
(
    [user_id] => 23515
    [bom_plate_part_id] => 100127477
    [part_number] => PD171008
    [quantity] => 1
)
Array
(
    [user_id] => 23516
    [bom_plate_part_id] => 100082325
    [part_number] => DJ161069
    [quantity] => 1
)
Array
(
    [user_id] => 23516
    [bom_plate_part_id] => 100078813
    [part_number] => DS161125
    [quantity] => 1
)
Array
(
    [user_id] => 23516
    [bom_plate_part_id] => 100151468
    [part_number] => DK161086
    [quantity] => 1
)
Array
(
    [user_id] => 23516
    [bom_plate_part_id] => 100080763
    [part_number] => 59040040
    [quantity] => 1
)
Array
(
    [user_id] => 23516
    [bom_plate_part_id] => 100078052
    [part_number] => DK151039
    [quantity] => 1
)
Array
(
    [user_id] => 23516
    [bom_plate_part_id] => 100080118
    [part_number] => DK181019
    [quantity] => 1
)
Array
(
    [user_id] => 23516
    [bom_plate_part_id] => 100080024
    [part_number] => DK181007
    [quantity] => 1
)
Array
(
    [user_id] => 23516
    [bom_plate_part_id] => 100079868
    [part_number] => DK181057
    [quantity] => 1
)
Array
(
    [user_id] => 23516
    [bom_plate_part_id] => 100079858
    [part_number] => DK181056
    [quantity] => 1
)
Array
(
    [user_id] => 23516
    [bom_plate_part_id] => 100079832
    [part_number] => DK181006
    [quantity] => 1
)
Array
(
    [user_id] => 23516
    [bom_plate_part_id] => 100080049
    [part_number] => DK181010
    [quantity] => 1
)
Array
(
    [user_id] => 23516
    [bom_plate_part_id] => 100080057
    [part_number] => DK181011
    [quantity] => 1
)
Array
(
    [user_id] => 23516
    [bom_plate_part_id] => 100150570
    [part_number] => DK181073
    [quantity] => 1
)
Array
(
    [user_id] => 23516
    [bom_plate_part_id] => 100080138
    [part_number] => DK181022
    [quantity] => 1
)
Array
(
    [user_id] => 23516
    [bom_plate_part_id] => 100080145
    [part_number] => DK181023
    [quantity] => 1
)
Array
(
    [user_id] => 23516
    [bom_plate_part_id] => 100080206
    [part_number] => DK181037
    [quantity] => 1
)
Array
(
    [user_id] => 23516
    [bom_plate_part_id] => 100080111
    [part_number] => DK181018
    [quantity] => 1
)
Array
(
    [user_id] => 23516
    [bom_plate_part_id] => 100082812
    [part_number] => DG181005
    [quantity] => 1
)
Array
(
    [user_id] => 23516
    [bom_plate_part_id] => 100080150
    [part_number] => DK181024
    [quantity] => 1
)
Array
(
    [user_id] => 23516
    [bom_plate_part_id] => 100080156
    [part_number] => DK181025
    [quantity] => 1
)
Array
(
    [user_id] => 23516
    [bom_plate_part_id] => 100080032
    [part_number] => DK181008
    [quantity] => 1
)
Array
(
    [user_id] => 23516
    [bom_plate_part_id] => 100080104
    [part_number] => DK181017
    [quantity] => 1
)
Array
(
    [user_id] => 23516
    [bom_plate_part_id] => 100080073
    [part_number] => DK181013
    [quantity] => 1
)
Array
(
    [user_id] => 23516
    [bom_plate_part_id] => 100080040
    [part_number] => DK181009
    [quantity] => 1
)
Array
(
    [user_id] => 23516
    [bom_plate_part_id] => 100080065
    [part_number] => DK181012
    [quantity] => 1
)
Array
(
    [user_id] => 23518
    [bom_plate_part_id] => 100162429
    [part_number] => DU141095
    [quantity] => 1
)
Array
(
    [user_id] => 23523
    [bom_plate_part_id] => 100077306
    [part_number] => DJ191061
    [quantity] => 1
)
Array
(
    [user_id] => 23523
    [bom_plate_part_id] => 100077306
    [part_number] => DJ191061
    [quantity] => 0
)
Array
(
    [user_id] => 23525
    [bom_plate_part_id] => 100238185
    [part_number] => 39177802
    [quantity] => 1
)
