Array
(
    [user_id] => 23186
    [bom_plate_part_id] => 100042388
    [part_number] => JN171000
    [quantity] => 1
)
Array
(
    [user_id] => 23186
    [bom_plate_part_id] => 100042388
    [part_number] => JN171000
    [quantity] => 0
)
Array
(
    [user_id] => 18551
    [bom_plate_part_id] => 100164301
    [part_number] => PA161215
    [quantity] => 1
)
Array
(
    [user_id] => 23188
    [bom_plate_part_id] => 100153428
    [part_number] => 39166005
    [quantity] => 1
)
Array
(
    [user_id] => 23192
    [bom_plate_part_id] => 100014878
    [part_number] => PF551430
    [quantity] => 1
)
Array
(
    [user_id] => 23194
    [bom_plate_part_id] => 100152785
    [part_number] => 59200029
    [quantity] => 1
)
Array
(
    [user_id] => 23194
    [bom_plate_part_id] => 100152785
    [part_number] => 59200029
    [quantity] => 2
)
Array
(
    [user_id] => 23194
    [bom_plate_part_id] => 100152785
    [part_number] => 59200029
    [quantity] => 3
)
Array
(
    [user_id] => 23194
    [bom_plate_part_id] => 100152785
    [part_number] => 59200029
    [quantity] => 4
)
Array
(
    [user_id] => 23194
    [bom_plate_part_id] => 100152785
    [part_number] => 59200029
    [quantity] => 5
)
Array
(
    [user_id] => 23194
    [bom_plate_part_id] => 100152785
    [part_number] => 59200029
    [quantity] => 6
)
Array
(
    [user_id] => 23194
    [bom_plate_part_id] => 100152785
    [part_number] => 59200029
    [quantity] => 7
)
Array
(
    [user_id] => 23194
    [bom_plate_part_id] => 100152785
    [part_number] => 59200029
    [quantity] => 8
)
Array
(
    [user_id] => 23194
    [bom_plate_part_id] => 100152785
    [part_number] => 59200029
    [quantity] => 9
)
Array
(
    [user_id] => 23194
    [bom_plate_part_id] => 100152785
    [part_number] => 59200029
    [quantity] => 8
)
Array
(
    [user_id] => 23194
    [bom_plate_part_id] => 100152785
    [part_number] => 59200029
    [quantity] => 9
)
Array
(
    [user_id] => 23194
    [bom_plate_part_id] => 100153384
    [part_number] => 39184504
    [quantity] => 1
)
Array
(
    [user_id] => 23194
    [bom_plate_part_id] => 100153384
    [part_number] => 39184504
    [quantity] => 2
)
Array
(
    [user_id] => 23194
    [bom_plate_part_id] => 100153384
    [part_number] => 39184504
    [quantity] => 3
)
Array
(
    [user_id] => 23194
    [bom_plate_part_id] => 100153384
    [part_number] => 39184504
    [quantity] => 4
)
Array
(
    [user_id] => 23194
    [bom_plate_part_id] => 100153384
    [part_number] => 39184504
    [quantity] => 5
)
Array
(
    [user_id] => 23194
    [bom_plate_part_id] => 100152785
    [part_number] => 59200029
    [quantity] => 10
)
Array
(
    [user_id] => 23194
    [bom_plate_part_id] => 100152785
    [part_number] => 59200029
    [quantity] => 9
)
Array
(
    [user_id] => 23194
    [bom_plate_part_id] => 100152785
    [part_number] => 59200029
    [quantity] => 8
)
Array
(
    [user_id] => 23194
    [bom_plate_part_id] => 100152785
    [part_number] => 59200029
    [quantity] => 9
)
Array
(
    [user_id] => 23194
    [bom_plate_part_id] => 100153369
    [part_number] => 39167704
    [quantity] => 1
)
Array
(
    [user_id] => 23194
    [bom_plate_part_id] => 100153384
    [part_number] => 39184504
    [quantity] => 6
)
Array
(
    [user_id] => 23194
    [bom_plate_part_id] => 100153384
    [part_number] => 39184504
    [quantity] => 7
)
Array
(
    [user_id] => 23194
    [bom_plate_part_id] => 100152785
    [part_number] => 59200029
    [quantity] => 8
)
Array
(
    [user_id] => 23194
    [bom_plate_part_id] => 100152785
    [part_number] => 59200029
    [quantity] => 7
)
Array
(
    [user_id] => 23194
    [bom_plate_part_id] => 100152785
    [part_number] => 59200029
    [quantity] => 8
)
Array
(
    [user_id] => 23194
    [bom_plate_part_id] => 100152785
    [part_number] => 59200029
    [quantity] => 9
)
Array
(
    [user_id] => 23194
    [bom_plate_part_id] => 100152747
    [part_number] => DH102104
    [quantity] => 1
)
Array
(
    [user_id] => 23194
    [bom_plate_part_id] => 100152747
    [part_number] => DH102104
    [quantity] => 2
)
Array
(
    [user_id] => 23194
    [bom_plate_part_id] => 100152747
    [part_number] => DH102104
    [quantity] => 3
)
Array
(
    [user_id] => 23194
    [bom_plate_part_id] => 100152747
    [part_number] => DH102104
    [quantity] => 2
)
Array
(
    [user_id] => 23194
    [bom_plate_part_id] => 100152747
    [part_number] => DH102104
    [quantity] => 1
)
Array
(
    [user_id] => 18717
    [bom_plate_part_id] => 100089977
    [part_number] => JE511243
    [quantity] => 1
)
Array
(
    [user_id] => 18717
    [bom_plate_part_id] => 100089977
    [part_number] => JE511243
    [quantity] => 2
)
Array
(
    [user_id] => 18717
    [bom_plate_part_id] => 100089977
    [part_number] => JE511243
    [quantity] => 3
)
Array
(
    [user_id] => 18717
    [bom_plate_part_id] => 100089977
    [part_number] => JE511243
    [quantity] => 4
)
