Array
(
    [user_id] => 23081
    [bom_plate_part_id] => 100155043
    [part_number] => 52JN0136
    [quantity] => 1
)
Array
(
    [user_id] => 23081
    [bom_plate_part_id] => 100155043
    [part_number] => 52JN0136
    [quantity] => 0
)
Array
(
    [user_id] => 23085
    [bom_plate_part_id] => 100237978
    [part_number] => BG113804
    [quantity] => 1
)
Array
(
    [user_id] => 23085
    [bom_plate_part_id] => 100237978
    [part_number] => BG113804
    [quantity] => 0
)
Array
(
    [user_id] => 23085
    [bom_plate_part_id] => 100237978
    [part_number] => BG113804
    [quantity] => 1
)
Array
(
    [user_id] => 23086
    [bom_plate_part_id] => 100093800
    [part_number] => JF171035
    [quantity] => 1
)
Array
(
    [user_id] => 23087
    [bom_plate_part_id] => 100337013
    [part_number] => PF351013
    [quantity] => 1
)
Array
(
    [user_id] => 23087
    [bom_plate_part_id] => 100337013
    [part_number] => PF351013
    [quantity] => 0
)
Array
(
    [user_id] => 23090
    [bom_plate_part_id] => 100254629
    [part_number] => JA551004
    [quantity] => 1
)
Array
(
    [user_id] => 23091
    [bom_plate_part_id] => 100264808
    [part_number] => DV101048
    [quantity] => 1
)
Array
(
    [user_id] => 23091
    [bom_plate_part_id] => 100264808
    [part_number] => DV101048
    [quantity] => 0
)
Array
(
    [user_id] => 23093
    [bom_plate_part_id] => 100237898
    [part_number] => 39076101
    [quantity] => 1
)
Array
(
    [user_id] => 23093
    [bom_plate_part_id] => 100226915
    [part_number] => DU141258
    [quantity] => 1
)
Array
(
    [user_id] => 23093
    [bom_plate_part_id] => 100237898
    [part_number] => 39076101
    [quantity] => 0
)
Array
(
    [user_id] => 22949
    [bom_plate_part_id] => 100336840
    [part_number] => JV511013
    [quantity] => 1
)
Array
(
    [user_id] => 22949
    [bom_plate_part_id] => 100078293
    [part_number] => 39218106
    [quantity] => 0
)
Array
(
    [user_id] => 22949
    [bom_plate_part_id] => 100336840
    [part_number] => JV511013
    [quantity] => 2
)
Array
(
    [user_id] => 22949
    [bom_plate_part_id] => 100336840
    [part_number] => JV511013
    [quantity] => 3
)
Array
(
    [user_id] => 22949
    [bom_plate_part_id] => 100336840
    [part_number] => JV511013
    [quantity] => 4
)
Array
(
    [user_id] => 22949
    [bom_plate_part_id] => 100336840
    [part_number] => JV511013
    [quantity] => 3
)
Array
(
    [user_id] => 22949
    [bom_plate_part_id] => 100336840
    [part_number] => JV511013
    [quantity] => 2
)
Array
(
    [user_id] => 22949
    [bom_plate_part_id] => 100336840
    [part_number] => JV511013
    [quantity] => 1
)
Array
(
    [user_id] => 22949
    [bom_plate_part_id] => 100336840
    [part_number] => JV511013
    [quantity] => 2
)
Array
(
    [user_id] => 22949
    [bom_plate_part_id] => 100336840
    [part_number] => JV511013
    [quantity] => 3
)
Array
(
    [user_id] => 22949
    [bom_plate_part_id] => 100336840
    [part_number] => JV511013
    [quantity] => 4
)
Array
(
    [user_id] => 22949
    [bom_plate_part_id] => 100336840
    [part_number] => JV511013
    [quantity] => 5
)
