Array
(
    [user_id] => 23261
    [bom_plate_part_id] => 100155042
    [part_number] => DK101770
    [quantity] => 1
)
Array
(
    [user_id] => 23261
    [bom_plate_part_id] => 100155042
    [part_number] => DK101770
    [quantity] => 2
)
Array
(
    [user_id] => 23261
    [bom_plate_part_id] => 100155042
    [part_number] => DK101770
    [quantity] => 3
)
Array
(
    [user_id] => 23261
    [bom_plate_part_id] => 100155042
    [part_number] => DK101770
    [quantity] => 4
)
Array
(
    [user_id] => 23261
    [bom_plate_part_id] => 100155042
    [part_number] => DK101770
    [quantity] => 5
)
Array
(
    [user_id] => 23261
    [bom_plate_part_id] => 100155042
    [part_number] => DK101770
    [quantity] => 6
)
Array
(
    [user_id] => 23261
    [bom_plate_part_id] => 100155042
    [part_number] => DK101770
    [quantity] => 7
)
Array
(
    [user_id] => 23261
    [bom_plate_part_id] => 100155042
    [part_number] => DK101770
    [quantity] => 8
)
Array
(
    [user_id] => 23261
    [bom_plate_part_id] => 100155042
    [part_number] => DK101770
    [quantity] => 9
)
Array
(
    [user_id] => 23261
    [bom_plate_part_id] => 100155042
    [part_number] => DK101770
    [quantity] => 10
)
Array
(
    [user_id] => 23261
    [bom_plate_part_id] => 100155042
    [part_number] => DK101770
    [quantity] => 11
)
Array
(
    [user_id] => 23261
    [bom_plate_part_id] => 100155042
    [part_number] => DK101770
    [quantity] => 12
)
Array
(
    [user_id] => 23261
    [bom_plate_part_id] => 100155042
    [part_number] => DK101770
    [quantity] => 13
)
Array
(
    [user_id] => 23261
    [bom_plate_part_id] => 100155042
    [part_number] => DK101770
    [quantity] => 14
)
Array
(
    [user_id] => 23261
    [bom_plate_part_id] => 100155042
    [part_number] => DK101770
    [quantity] => 15
)
Array
(
    [user_id] => 23261
    [bom_plate_part_id] => 100155042
    [part_number] => DK101770
    [quantity] => 16
)
Array
(
    [user_id] => 23261
    [bom_plate_part_id] => 100155042
    [part_number] => DK101770
    [quantity] => 17
)
Array
(
    [user_id] => 23261
    [bom_plate_part_id] => 100155042
    [part_number] => DK101770
    [quantity] => 18
)
Array
(
    [user_id] => 23411
    [bom_plate_part_id] => 100057814
    [part_number] => CF111019
    [quantity] => 1
)
Array
(
    [user_id] => 23411
    [bom_plate_part_id] => 100057814
    [part_number] => CF111019
    [quantity] => 0
)
Array
(
    [user_id] => 23415
    [bom_plate_part_id] => 100225982
    [part_number] => 39102121
    [quantity] => 1
)
Array
(
    [user_id] => 23415
    [bom_plate_part_id] => 100225982
    [part_number] => 39102121
    [quantity] => 2
)
Array
(
    [user_id] => 23415
    [bom_plate_part_id] => 100225982
    [part_number] => 39102121
    [quantity] => 1
)
Array
(
    [user_id] => 23415
    [bom_plate_part_id] => 100064236
    [part_number] => JV511012
    [quantity] => 1
)
Array
(
    [user_id] => 23418
    [bom_plate_part_id] => 100265276
    [part_number] => PD131806
    [quantity] => 1
)
Array
(
    [user_id] => 23418
    [bom_plate_part_id] => 100265276
    [part_number] => PD131806
    [quantity] => 0
)
