Array
(
    [user_id] => 23057
    [bom_plate_part_id] => 100153805
    [part_number] => 39253204
    [quantity] => 1
)
Array
(
    [user_id] => 23057
    [bom_plate_part_id] => 100153805
    [part_number] => 39253204
    [quantity] => 0
)
Array
(
    [user_id] => 18524
    [bom_plate_part_id] => 100154982
    [part_number] => DK101748
    [quantity] => 1
)
Array
(
    [user_id] => 12569
    [bom_plate_part_id] => 100336754
    [part_number] => JE521016
    [quantity] => 1
)
Array
(
    [user_id] => 12569
    [bom_plate_part_id] => 100336754
    [part_number] => JE521016
    [quantity] => 0
)
Array
(
    [user_id] => 12569
    [bom_plate_part_id] => 100261403
    [part_number] => DJ121091
    [quantity] => 1
)
Array
(
    [user_id] => 12569
    [bom_plate_part_id] => 100261403
    [part_number] => DJ121091
    [quantity] => 0
)
Array
(
    [user_id] => 18176
    [bom_plate_part_id] => 100232835
    [part_number] => DU141095
    [quantity] => 1
)
Array
(
    [user_id] => 18176
    [bom_plate_part_id] => 100232835
    [part_number] => DU141095
    [quantity] => 0
)
Array
(
    [user_id] => 18176
    [bom_plate_part_id] => 100254179
    [part_number] => 52DU0829
    [quantity] => 1
)
Array
(
    [user_id] => 18176
    [bom_plate_part_id] => 100254179
    [part_number] => 52DU0829
    [quantity] => 0
)
Array
(
    [user_id] => 15775
    [bom_plate_part_id] => 100036239
    [part_number] => JH521007
    [quantity] => 1
)
Array
(
    [user_id] => 18176
    [bom_plate_part_id] => 100153805
    [part_number] => 39253204
    [quantity] => 1
)
Array
(
    [user_id] => 23073
    [bom_plate_part_id] => 100080763
    [part_number] => 59040040
    [quantity] => 1
)
Array
(
    [user_id] => 23073
    [bom_plate_part_id] => 100078813
    [part_number] => DS161125
    [quantity] => 1
)
Array
(
    [user_id] => 23073
    [bom_plate_part_id] => 100083101
    [part_number] => DG101339
    [quantity] => 1
)
Array
(
    [user_id] => 15775
    [bom_plate_part_id] => 100249977
    [part_number] => DH151079
    [quantity] => 1
)
Array
(
    [user_id] => 15775
    [bom_plate_part_id] => 100249977
    [part_number] => DH151079
    [quantity] => 0
)
Array
(
    [user_id] => 23072
    [bom_plate_part_id] => 100335724
    [part_number] => DH102201
    [quantity] => 1
)
Array
(
    [user_id] => 23072
    [bom_plate_part_id] => 100335724
    [part_number] => DH102201
    [quantity] => 2
)
Array
(
    [user_id] => 23072
    [bom_plate_part_id] => 100335724
    [part_number] => DH102201
    [quantity] => 1
)
Array
(
    [user_id] => 23072
    [bom_plate_part_id] => 100335724
    [part_number] => DH102201
    [quantity] => 0
)
Array
(
    [user_id] => 18524
    [bom_plate_part_id] => 100154982
    [part_number] => DK101748
    [quantity] => 1
)
Array
(
    [user_id] => 18524
    [bom_plate_part_id] => 100154995
    [part_number] => DK101755
    [quantity] => 1
)
