Array
(
    [vertical] => Motorcycle
    [phone_number] => 8956233256
    [user_type] => Dealer
    [state] => Gujarat
    [pin_code] => 147852
    [password] => aszx
    [city] => Ahmedabad
    [first_name] => viksa
    [address] => zvvx
    [email] => iooo@gmail.com
    [dealer_id] => tyuiio
    [last_name] => 
    [land_line] => 3698523698
    [longitude] => 75.7606467
    [latitude] => 26.9398788
    [otp] => 111111
)
Array
(
    [vertical] => Motorcycle
    [phone_number] => 8956233256
    [user_type] => Dealer
    [state] => Gujarat
    [pin_code] => 147852
    [password] => aszx
    [city] => Ahmedabad
    [first_name] => viksa
    [address] => zvvx
    [email] => iooo@gmail.com
    [dealer_id] => tyuiio
    [last_name] => 
    [land_line] => 3698523698
    [longitude] => 75.7606467
    [latitude] => 26.9398788
    [otp] => 111111
)
Array
(
    [vertical] => Motorcycle
    [phone_number] => 1237896540
    [user_type] => Dealer
    [state] => Gujarat
    [pin_code] => 147852
    [password] => aszx
    [city] => Ahmedabad
    [first_name] => viksa
    [address] => zvvx
    [email] => ioooo@gmail.com
    [dealer_id] => tyuiiooo
    [last_name] => 
    [land_line] => 3698523698
    [longitude] => 75.7606467
    [latitude] => 26.9398788
)
Array
(
    [vertical] => Motorcycle
    [phone_number] => 1237896540
    [user_type] => Dealer
    [state] => Gujarat
    [pin_code] => 147852
    [password] => aszx
    [city] => Ahmedabad
    [first_name] => viksa
    [address] => zvvx
    [email] => ioooo@gmail.com
    [dealer_id] => tyuiiooo
    [last_name] => 
    [land_line] => 3698523698
    [longitude] => 75.7606467
    [latitude] => 26.9398788
    [otp] => 111111
)
Array
(
    [vertical] => Motorcycle
    [phone_number] => 1472583690
    [user_type] => Member
    [state] => Gujarat
    [pin_code] => 258036
    [password] => 
    [city] => Ahmedabad
    [first_name] => viky
    [address] => bb b
    [email] => er@gmail.com
    [dealer_id] => 
    [last_name] => singg
    [land_line] => 
    [longitude] => 
    [latitude] => 
)
Array
(
    [user_type] => Member
    [vertical] => Motorcycle
    [email] => we@gmail.com
    [phone_number] => 1478523690
    [first_name] => vygvycyc
    [last_name] => ctycy
    [dealer_id] => 
    [password] => 
    [land_line] => 
    [address] => vhhch
    [city] => Ahmedabad
    [state] => Gujarat
    [latitude] => 
    [longitude] => 
    [pin_code] => 147258
)
Array
(
    [user_type] => Members
    [vertical] => Motorcycle
    [email] => ax@gmail.com
    [phone_number] => 1472589632
    [first_name] => cyyc
    [last_name] => ghcch
    [dealer_id] => 
    [password] => 
    [land_line] => 
    [address] => vuuv
    [city] => Ahmedabad
    [state] => Gujarat
    [latitude] => 
    [longitude] => 
    [pin_code] => 258963
)
Array
(
    [user_type] => Members
    [vertical] => Motorcycle
    [email] => axx@gmail.com
    [phone_number] => 1472589632
    [first_name] => cyyc
    [last_name] => ghcch
    [dealer_id] => 
    [password] => 
    [land_line] => 
    [address] => vuuv
    [city] => Ahmedabad
    [state] => Gujarat
    [latitude] => 
    [longitude] => 
    [pin_code] => 258963
)
Array
(
    [user_type] => Members
    [vertical] => Motorcycle
    [email] => tyub@gmail.com
    [phone_number] => 1472589632
    [first_name] => vycy
    [last_name] => cyyf
    [dealer_id] => 
    [password] => 
    [land_line] => 
    [address] => vyyvu
    [city] => Ahmedabad
    [state] => Gujarat
    [latitude] => 
    [longitude] => 
    [pin_code] => 258963
)
Array
(
    [user_type] => Members
    [vertical] => Motorcycle
    [email] => ghbn@gmail.com
    [phone_number] => 8258388668
    [first_name] => ctyc
    [last_name] => fyyg
    [dealer_id] => 
    [password] => 
    [land_line] => 
    [address] => bub
    [city] => Ahmedabad
    [state] => Gujarat
    [latitude] => 
    [longitude] => 
    [pin_code] => 258282
)
Array
(
    [user_type] => Members
    [vertical] => Motorcycle
    [email] => erd@gmail.com
    [phone_number] => 1478523690
    [first_name] => cyc
    [last_name] => vhch
    [dealer_id] => 
    [password] => 
    [land_line] => 
    [address] => cyycv
    [city] => Ahmedabad
    [state] => Gujarat
    [latitude] => 
    [longitude] => 
    [pin_code] => 258963
)
Array
(
    [user_type] => Members
    [email] => rtc@gmail.com
    [phone_number] => 5885855858
    [first_name] => xtgx
    [last_name] => xttxx
    [dealer_id] => 
    [password] => 
    [land_line] => 
    [address] => cghc
    [city] => Ahmedabad
    [state] => Gujarat
    [latitude] => 
    [longitude] => 
    [pin_code] => 258963
)
Array
(
    [user_type] => Members
    [email] => rtc@gmail.com
    [phone_number] => 1234567899
    [first_name] => xtgx
    [last_name] => xttxx
    [dealer_id] => 
    [otp] => 111111
    [password] => 
    [land_line] => 
    [address] => cghc
    [city] => Ahmedabad
    [state] => Gujarat
    [latitude] => 
    [longitude] => 
    [pin_code] => 258963
)
Array
(
    [user_type] => Users
    [email] => rtfc@gmail.com
    [phone_number] => 6082282882
    [first_name] => ctyf
    [last_name] => yccy
    [dealer_id] => 
    [password] => 
    [land_line] => 
    [address] => cyyyv
    [city] => Ahmedabad
    [state] => Gujarat
    [latitude] => 
    [longitude] => 
    [pin_code] => 258963
)
Array
(
    [user_type] => Members
    [email] => tcv@gmail.com
    [phone_number] => 8585585866
    [first_name] => xftx
    [last_name] => ctcy
    [dealer_id] => 
    [password] => 
    [land_line] => 
    [address] => hccyyc
    [city] => Ahmedabad
    [state] => Gujarat
    [latitude] => 
    [longitude] => 
    [pin_code] => 686066
)
Array
(
    [user_type] => Members
    [email] => tcv@gmail.com
    [phone_number] => 8585585866
    [first_name] => xftx
    [last_name] => ctcy
    [dealer_id] => 
    [otp] => 111111
    [password] => 
    [land_line] => 
    [address] => hccyyc
    [city] => Ahmedabad
    [state] => Gujarat
    [latitude] => 
    [longitude] => 
    [pin_code] => 686066
)
Array
(
    [user_type] => Dealer
    [vertical] => Motorcycle
    [email] => manendra@gladminds.co
    [phone_number] => 7665347070
    [first_name] => Shorya
    [last_name] => 
    [dealer_id] => 15153
    [password] => epc@1234
    [land_line] => 9864348484
    [address] => abd
    [city] => Pune
    [state] => Maharashtra
    [latitude] => 18.6624775
    [longitude] => 73.7855496
    [pin_code] => 865646
)
Array
(
    [user_type] => Dealer
    [vertical] => Motorcycle
    [email] => manendra@gladminds.co
    [phone_number] => 9309849477
    [first_name] => Shorya
    [last_name] => 
    [dealer_id] => 15153
    [password] => epc@1234
    [land_line] => 9864348484
    [address] => abd
    [city] => Pune
    [state] => Maharashtra
    [latitude] => 18.6624775
    [longitude] => 73.7855496
    [pin_code] => 865646
)
Array
(
    [user_type] => Dealer
    [vertical] => Motorcycle
    [email] => rathore.manendra@gmail.com
    [phone_number] => 9309849477
    [first_name] => Shorya
    [last_name] => 
    [dealer_id] => 15153
    [password] => epc@1234
    [land_line] => 9864348484
    [address] => abd
    [city] => Pune
    [state] => Maharashtra
    [latitude] => 18.6624775
    [longitude] => 73.7855496
    [pin_code] => 865646
)
Array
(
    [user_type] => Dealer
    [vertical] => Motorcycle
    [email] => rathore.manendra@gmail.com
    [phone_number] => 9309849477
    [first_name] => Shorya
    [last_name] => 
    [dealer_id] => 15153
    [password] => epc@1234
    [land_line] => 9864348484
    [address] => abd
    [city] => Pune
    [state] => Maharashtra
    [latitude] => 18.6624775
    [longitude] => 73.7855496
    [pin_code] => 865646
)
Array
(
    [user_type] => Dealer
    [vertical] => Motorcycle
    [email] => rathore.manendra@gmail.com
    [phone_number] => 9309849477
    [first_name] => Shorya
    [last_name] => 
    [dealer_id] => 15153
    [password] => epc@1234
    [land_line] => 9864348484
    [address] => abd
    [city] => Pune
    [state] => Maharashtra
    [latitude] => 18.6624775
    [longitude] => 73.7855496
    [pin_code] => 865646
)
Array
(
    [user_type] => Dealer
    [vertical] => Motorcycle
    [email] => rathore.manendra@gmail.com
    [phone_number] => 9309849477
    [first_name] => Shorya
    [last_name] => 
    [dealer_id] => 15153
    [otp] => 111111
    [password] => epc@1234
    [land_line] => 9864348484
    [address] => abd
    [city] => Pune
    [state] => Maharashtra
    [latitude] => 18.6624775
    [longitude] => 73.7855496
    [pin_code] => 865646
)
Array
(
    [user_type] => Dealer
    [vertical] => Motorcycle
    [email] => rathore.manendra@gmail.com
    [phone_number] => 8663225555
    [first_name] => abc
    [last_name] => 
    [dealer_id] => 15151
    [password] => epc@1234
    [land_line] => 6856662245
    [address] => gagahag
    [city] => Pune
    [state] => Maharashtra
    [latitude] => 18.6625024
    [longitude] => 73.7853904
    [pin_code] => 675543
)
