Array
(
    [user_id] => 369
    [user_type] => Users
    [phone_number] => 9636282558
    [first_name] => 12345678
    [last_name] => zgsg
    [address] => vsvsvsvc
    [city] => Pune
    [state] => Maharashtra
    [pincode] => 444606
    [api_type] => update
)
Array
(
    [user_id] => 369
    [user_type] => Users
    [phone_number] => 9636282558
    [first_name] => pawan
    [last_name] => zgsg
    [address] => vsvsvsvc
    [city] => Pune
    [state] => Maharashtra
    [pincode] => 444606
    [api_type] => update
)
Array
(
    [user_id] => 369
    [user_type] => Users
    [phone_number] => 9636282558
    [first_name] => pawan
    [last_name] => zgsg
    [address] => vsvsvsvc
    [city] => Pune
    [state] => Maharashtra
    [pincode] => 444606
    [api_type] => update
)
Array
(
    [photo] => Array
        (
            [name] => pp.jpg
            [type] => image/jpeg
            [tmp_name] => /tmp/phpldgN9c
            [error] => 0
            [size] => 57029
        )

)
Array
(
    [photo] => Array
        (
            [name] => pp.jpg
            [type] => image/jpeg
            [tmp_name] => /tmp/phpi8dpVL
            [error] => 0
            [size] => 57029
        )

)
Array
(
    [photo] => Array
        (
            [name] => Screenshot 2019-04-10 at 3.54.32 PM.png
            [type] => image/png
            [tmp_name] => /tmp/phpdchwIK
            [error] => 0
            [size] => 491873
        )

)
Array
(
    [user_id] => 369
    [user_type] => Users
    [vertical] => 
    [first_name] => 
    [land_line] => 
    [latitude] => 0.0
    [longitude] => 0.0
    [last_name] => 
    [address] => 
    [city] => 
    [state] => 
    [pincode] => 
    [api_type] => 
)
Array
(
)
Array
(
    [user_id] => 369
    [user_type] => Users
    [vertical] => 
    [first_name] => pawan
    [land_line] => zgsg
    [latitude] => 0.0
    [longitude] => 0.0
    [last_name] => zgsg
    [address] => vsvsvsvc
    [city] => Pune
    [state] => Maharashtra
    [pincode] => 444606
    [api_type] => update
)
Array
(
)
Array
(
    [user_id] => 369
    [user_type] => Users
    [vertical] => 
    [first_name] => pawan
    [land_line] => zgsg
    [latitude] => 0.0
    [longitude] => 0.0
    [last_name] => zgsg
    [address] => vsvsvsvc
    [city] => Pune
    [state] => Maharashtra
    [pincode] => 444606
    [api_type] => update
)
Array
(
)
Array
(
    [user_id] => 369
    [user_type] => Users
    [vertical] => 
    [first_name] => pawan
    [land_line] => zgsg
    [latitude] => 0.0
    [longitude] => 0.0
    [last_name] => zgsg
    [address] => vsvsvsvc
    [city] => Pune
    [state] => Maharashtra
    [pincode] => 444606
    [api_type] => update
)
Array
(
)
Array
(
    [user_id] => 369
    [user_type] => Users
    [vertical] => 
    [first_name] => pawan
    [land_line] => zgsg
    [latitude] => 0.0
    [longitude] => 0.0
    [last_name] => zgsg
    [address] => vsvsvsvc
    [city] => Pune
    [state] => Maharashtra
    [pincode] => 444606
    [api_type] => update
)
Array
(
)
Array
(
    [user_id] => 369
    [user_type] => Users
    [vertical] => 
    [first_name] => pawan
    [land_line] => zgsg
    [latitude] => 0.0
    [longitude] => 0.0
    [last_name] => zgsg
    [address] => vsvsvsvc
    [city] => Pune
    [state] => Maharashtra
    [pincode] => 444606
    [api_type] => update
)
Array
(
)
Array
(
    [user_id] => 369
    [user_type] => Users
    [vertical] => 
    [first_name] => 
    [land_line] => 
    [latitude] => 0.0
    [longitude] => 0.0
    [last_name] => 
    [address] => 
    [city] => 
    [state] => 
    [pincode] => 
    [phone_number] => 
    [api_type] => 
)
Array
(
)
Array
(
    [user_id] => 369
    [user_type] => Users
    [vertical] => 
    [first_name] => pawan
    [land_line] => zgsg
    [latitude] => 0.0
    [longitude] => 0.0
    [last_name] => zgsg
    [address] => vsvsvsvc
    [city] => Pune
    [state] => Maharashtra
    [pincode] => 444606
    [phone_number] => 9636282550
    [api_type] => update
)
Array
(
)
Array
(
    [user_id] => 369
    [user_type] => Users
    [vertical] => 
    [first_name] => pawan
    [land_line] => zgsg
    [latitude] => 0.0
    [longitude] => 0.0
    [last_name] => zgsg
    [address] => vsvsvsvc
    [city] => Pune
    [state] => Maharashtra
    [pincode] => 444606
    [phone_number] => 9636282550
    [api_type] => update
)
Array
(
)
Array
(
    [user_id] => 369
    [user_type] => Users
    [vertical] => 
    [first_name] => pawan
    [land_line] => zgsg
    [latitude] => 0.0
    [longitude] => 0.0
    [last_name] => zgsg
    [address] => vsvsvsvc
    [city] => Pune
    [state] => Maharashtra
    [pincode] => 444606
    [phone_number] => 9636282550
    [api_type] => update
)
Array
(
)
Array
(
    [user_id] => 369
    [user_type] => Users
    [vertical] => 
    [first_name] => pawan
    [land_line] => zgsg
    [latitude] => 0.0
    [longitude] => 0.0
    [last_name] => zgsg
    [address] => vsvsvsvc
    [city] => Pune
    [state] => Maharashtra
    [pincode] => 444606
    [phone_number] => 9636282550
    [api_type] => update
)
Array
(
)
Array
(
    [user_id] => 369
    [user_type] => Users
    [vertical] => 
    [first_name] => 
    [land_line] => 
    [latitude] => 0.0
    [longitude] => 0.0
    [last_name] => 
    [address] => 
    [city] => 
    [state] => 
    [pincode] => 
    [phone_number] => 
    [api_type] => 
)
Array
(
)
Array
(
    [user_id] => 369
    [user_type] => Users
    [vertical] => 
    [first_name] => pawan
    [land_line] => zgsg
    [latitude] => 0.0
    [longitude] => 0.0
    [last_name] => zgsg
    [address] => vsvsvsvc
    [city] => Pune
    [state] => Maharashtra
    [pincode] => 444606
    [phone_number] => 9636282550
    [api_type] => update
)
Array
(
    [photo] => Array
        (
            [name] => IMG-20190729-WA0024.jpg
            [type] => image/jpg
            [tmp_name] => /tmp/phpUCDog3
            [error] => 0
            [size] => 99344
        )

)
Array
(
    [user_id] => 369
    [user_type] => Users
    [vertical] => 
    [first_name] => pawan
    [land_line] => zgsg
    [latitude] => 0.0
    [longitude] => 0.0
    [last_name] => zgsg
    [address] => vsvsvsvc
    [city] => Pune
    [state] => Maharashtra
    [pincode] => 444606
    [phone_number] => 9636282550
    [api_type] => update
)
Array
(
    [photo] => Array
        (
            [name] => IMG-20190729-WA0024.jpg
            [type] => image/jpg
            [tmp_name] => /tmp/phpUCDog3
            [error] => 0
            [size] => 99344
        )

)
Array
(
    [user_id] => 369
    [user_type] => Users
    [vertical] => 
    [first_name] => 
    [land_line] => 
    [latitude] => 0.0
    [longitude] => 0.0
    [last_name] => 
    [address] => 
    [city] => 
    [state] => 
    [pincode] => 
    [phone_number] => 
    [api_type] => 
)
Array
(
)
Array
(
    [user_id] => 369
    [user_type] => Users
    [vertical] => 
    [first_name] => 
    [land_line] => 
    [latitude] => 0.0
    [longitude] => 0.0
    [last_name] => 
    [address] => 
    [city] => 
    [state] => 
    [pincode] => 
    [phone_number] => 
    [api_type] => 
)
Array
(
)
Array
(
    [user_id] => 369
    [user_type] => Users
)
Array
(
)
Array
(
    [user_id] => 369
    [user_type] => Users
)
Array
(
)
Array
(
    [user_id] => 369
    [user_type] => Users
)
Array
(
)
Array
(
    [user_id] => 369
    [user_type] => Users
    [vertical] => 
    [first_name] => pawan
    [land_line] => zgsg
    [latitude] => 0.0
    [longitude] => 0.0
    [last_name] => zgsg
    [address] => vsvsvsvc
    [city] => Pune
    [state] => Maharashtra
    [pincode] => 444606
    [phone_number] => 9636282550
    [api_type] => update
)
Array
(
    [photo] => Array
        (
            [name] => IMG-20190729-WA0026.jpg
            [type] => image/jpg
            [tmp_name] => /tmp/phpTzUEuI
            [error] => 0
            [size] => 90675
        )

)
Array
(
    [user_id] => 369
    [user_type] => Users
    [vertical] => 
    [first_name] => pawan
    [land_line] => zgsg
    [latitude] => 0.0
    [longitude] => 0.0
    [last_name] => zgsg
    [address] => vsvsvsvc
    [city] => Pune
    [state] => Maharashtra
    [pincode] => 444606
    [phone_number] => 9636282550
    [api_type] => update
)
Array
(
    [photo] => Array
        (
            [name] => IMG-20190729-WA0026.jpg
            [type] => image/jpg
            [tmp_name] => /tmp/phpTzUEuI
            [error] => 0
            [size] => 90675
        )

)
Array
(
    [user_id] => 369
    [user_type] => Users
    [vertical] => 
    [first_name] => pawan
    [land_line] => zgsg
    [latitude] => 0.0
    [longitude] => 0.0
    [last_name] => zgsg
    [address] => vsvsvsvxcgx
    [city] => Pune
    [state] => Maharashtra
    [pincode] => 444606
    [phone_number] => 9636282550
    [api_type] => update
)
Array
(
    [photo] => Array
        (
            [name] => IMG-20190729-WA0026.jpg
            [type] => image/jpg
            [tmp_name] => /tmp/php8F1Jku
            [error] => 0
            [size] => 90675
        )

)
Array
(
    [user_id] => 369
    [user_type] => Users
    [vertical] => 
    [first_name] => pawan
    [land_line] => zgsg
    [latitude] => 0.0
    [longitude] => 0.0
    [last_name] => zgsg
    [address] => vsvsvsvxcgx
    [city] => Pune
    [state] => Maharashtra
    [pincode] => 444606
    [phone_number] => 9636282550
    [api_type] => update
)
Array
(
    [photo] => Array
        (
            [name] => IMG-20190729-WA0026.jpg
            [type] => image/jpg
            [tmp_name] => /tmp/php8F1Jku
            [error] => 0
            [size] => 90675
        )

)
